[preflight] Running pre-flight checks.
[upgrade/config] Reading configuration from the cluster...
[upgrade/config] FYI: You can look at this config file with 'kubectl -n kube-system get cm kubeadm-config -o yaml'
[upgrade] Running cluster health checks
[upgrade] Fetching available versions to upgrade to
[upgrade/versions] Cluster version: 1.30.1
[upgrade/versions] kubeadm version: v1.31.1
[upgrade/versions] Target version: v1.31.1
[upgrade/versions] Latest version in the v1.30 series: v1.31.1

Components that must be upgraded manually after you have upgraded the control plane with 'kubeadm upgrade apply':
COMPONENT   NODE         CURRENT   TARGET
kubelet     cks-master   v1.30.1   v1.31.1
kubelet     cks-worker   v1.30.1   v1.31.1

Upgrade to the latest version in the v1.30 series:

COMPONENT                 NODE         CURRENT    TARGET
kube-apiserver            cks-master   v1.30.1    v1.31.1
kube-controller-manager   cks-master   v1.30.1    v1.31.1
kube-scheduler            cks-master   v1.30.1    v1.31.1
kube-proxy                             1.30.1     v1.31.1
CoreDNS                                v1.11.1    v1.11.3
etcd                      cks-master   3.5.12-0   3.5.15-0

You can now apply the upgrade by executing the following command:

	kubeadm upgrade apply v1.31.1

_____________________________________________________________________


The table below shows the current state of component configs as understood by this version of kubeadm.
Configs that have a "yes" mark in the "MANUAL UPGRADE REQUIRED" column require manual config upgrade or
resetting to kubeadm defaults before a successful upgrade can be performed. The version to manually
upgrade to is denoted in the "PREFERRED VERSION" column.

API GROUP                 CURRENT VERSION   PREFERRED VERSION   MANUAL UPGRADE REQUIRED
kubeproxy.config.k8s.io   v1alpha1          v1alpha1            no
kubelet.config.k8s.io     v1beta1           v1beta1             no
_____________________________________________________________________

